<?xml version="1.0" encoding="UTF-8"?>
<testng-results ignored="0" total="3" passed="2" failed="1" skipped="0">
  <reporter-output>
  </reporter-output>
  <suite started-at="2024-02-16T17:26:37 IST" name="Default suite" finished-at="2024-02-16T17:27:16 IST" duration-ms="39026">
    <groups>
    </groups>
    <test started-at="2024-02-16T17:26:37 IST" name="Default test" finished-at="2024-02-16T17:27:16 IST" duration-ms="39026">
      <class name="TESTPACK.TESTCLASS">
        <test-method is-config="true" signature="start()[pri:0, instance:TESTPACK.TESTCLASS@8f2ef19]" started-at="2024-02-16T17:26:37 IST" name="start" finished-at="2024-02-16T17:26:40 IST" duration-ms="3150" status="PASS">
          <reporter-output>
          </reporter-output>
        </test-method> <!-- start -->
        <test-method signature="logintest()[pri:0, instance:TESTPACK.TESTCLASS@8f2ef19]" started-at="2024-02-16T17:26:40 IST" name="logintest" finished-at="2024-02-16T17:27:05 IST" duration-ms="25142" status="PASS">
          <reporter-output>
          </reporter-output>
        </test-method> <!-- logintest -->
        <test-method signature="checkcompoff()[pri:1, instance:TESTPACK.TESTCLASS@8f2ef19]" started-at="2024-02-16T17:27:05 IST" name="checkcompoff" finished-at="2024-02-16T17:27:16 IST" duration-ms="10634" status="PASS">
          <reporter-output>
          </reporter-output>
        </test-method> <!-- checkcompoff -->
        <test-method signature="payrolltest()[pri:2, instance:TESTPACK.TESTCLASS@8f2ef19]" started-at="2024-02-16T17:27:16 IST" name="payrolltest" finished-at="2024-02-16T17:27:16 IST" duration-ms="6" status="FAIL">
          <exception class="java.lang.Error">
            <message>
              <![CDATA[Unresolved compilation problem: 
The method selectemp(WebElement) in the type payroll is not applicable for the arguments (String)
]]>
            </message>
            <full-stacktrace>
              <![CDATA[java.lang.Error: Unresolved compilation problem: 
The method selectemp(WebElement) in the type payroll is not applicable for the arguments (String)

at TESTPACK.TESTCLASS.payrolltest(TESTCLASS.java:61)
at java.base/jdk.internal.reflect.DirectMethodHandleAccessor.invoke(DirectMethodHandleAccessor.java:104)
at java.base/java.lang.reflect.Method.invoke(Method.java:578)
at org.testng.internal.invokers.MethodInvocationHelper.invokeMethod(MethodInvocationHelper.java:139)
at org.testng.internal.invokers.TestInvoker.invokeMethod(TestInvoker.java:677)
at org.testng.internal.invokers.TestInvoker.invokeTestMethod(TestInvoker.java:221)
at org.testng.internal.invokers.MethodRunner.runInSequence(MethodRunner.java:50)
at org.testng.internal.invokers.TestInvoker$MethodInvocationAgent.invoke(TestInvoker.java:969)
at org.testng.internal.invokers.TestInvoker.invokeTestMethods(TestInvoker.java:194)
at org.testng.internal.invokers.TestMethodWorker.invokeTestMethods(TestMethodWorker.java:148)
at org.testng.internal.invokers.TestMethodWorker.run(TestMethodWorker.java:128)
at java.base/java.util.ArrayList.forEach(ArrayList.java:1511)
at org.testng.TestRunner.privateRun(TestRunner.java:829)
at org.testng.TestRunner.run(TestRunner.java:602)
at org.testng.SuiteRunner.runTest(SuiteRunner.java:437)
at org.testng.SuiteRunner.runSequentially(SuiteRunner.java:431)
at org.testng.SuiteRunner.privateRun(SuiteRunner.java:391)
at org.testng.SuiteRunner.run(SuiteRunner.java:330)
at org.testng.SuiteRunnerWorker.runSuite(SuiteRunnerWorker.java:52)
at org.testng.SuiteRunnerWorker.run(SuiteRunnerWorker.java:95)
at org.testng.TestNG.runSuitesSequentially(TestNG.java:1256)
at org.testng.TestNG.runSuitesLocally(TestNG.java:1176)
at org.testng.TestNG.runSuites(TestNG.java:1099)
at org.testng.TestNG.run(TestNG.java:1067)
at org.testng.remote.AbstractRemoteTestNG.run(AbstractRemoteTestNG.java:115)
at org.testng.remote.RemoteTestNG.initAndRun(RemoteTestNG.java:251)
at org.testng.remote.RemoteTestNG.main(RemoteTestNG.java:77)
]]>
            </full-stacktrace>
          </exception> <!-- java.lang.Error -->
          <reporter-output>
          </reporter-output>
        </test-method> <!-- payrolltest -->
      </class> <!-- TESTPACK.TESTCLASS -->
    </test> <!-- Default test -->
  </suite> <!-- Default suite -->
</testng-results>
